{
"pastmatches":
	{
	"round":1,
	"results":
	[
		{"id":0,"match":"Inter vs Juventus","homegoals":4,"awaygoals":0,"round":1},
		{"id":11,"match":"Milan vs Lecce","homegoals":3,"awaygoals":4,"round":1},
		{"id":22,"match":"Roma vs Torino","homegoals":3,"awaygoals":2,"round":1},
		{"id":33,"match":"Napoli vs Bologna","homegoals":1,"awaygoals":1,"round":1},
		{"id":44,"match":"Parma vs Carpi","homegoals":4,"awaygoals":2,"round":1}
	]
	},
"nextmatches":
	{
	"round":2,
	"matches":
		[{"match":"Inter vs Juventus","id":0},
		{"match":"Milan vs Lecce","id":11},
		{"match":"Roma vs Torino","id":22},
		{"match":"Napoli vs Bologna","id":33},
		{"match":"Parma vs Carpi","id":44}]
	}
}